# JRE version: Java(TM) SE Runtime Environment (8.0_60-b27) (build 1.8.0_60-b27)
# Java VM: Java HotSpot(TM) 64-Bit Server VM (25.60-b23 mixed mode windows-amd64 compressed oops)
Heap:
 PSYoungGen      total 142848K, used 85632K [0x00000000d6180000, 0x00000000e8380000, 0x0000000100000000)
  eden space 129536K, 55% used [0x00000000d6180000,0x00000000da8242d0,0x00000000de000000)
  from space 13312K, 99% used [0x00000000de000000,0x00000000decfc010,0x00000000ded00000)
  to   space 18944K, 0% used [0x00000000e7100000,0x00000000e7100000,0x00000000e8380000)
 ParOldGen       total 86016K, used 22569K [0x0000000082400000, 0x0000000087800000, 0x00000000d6180000)
  object space 86016K, 26% used [0x0000000082400000,0x0000000083a0a5f8,0x0000000087800000)
 Metaspace       used 19720K, capacity 20278K, committed 20608K, reserved 1067008K
  class space    used 2232K, capacity 2396K, committed 2432K, reserved 1048576K
GC Heap History (10 events):
Event: 2.652 GC heap before
{Heap before GC invocations=3 (full 0):
 PSYoungGen      total 37888K, used 37885K [0x00000000d6180000, 0x00000000dab80000, 0x0000000100000000)
  eden space 32768K, 100% used [0x00000000d6180000,0x00000000d8180000,0x00000000d8180000)
  from space 5120K, 99% used [0x00000000d8680000,0x00000000d8b7f770,0x00000000d8b80000)
  to   space 5120K, 0% used [0x00000000d8180000,0x00000000d8180000,0x00000000d8680000)
 ParOldGen       total 86016K, used 2111K [0x0000000082400000, 0x0000000087800000, 0x00000000d6180000)
  object space 86016K, 2% used [0x0000000082400000,0x000000008260fd00,0x0000000087800000)
 Metaspace       used 14735K, capacity 15002K, committed 15232K, reserved 1062912K
  class space    used 1821K, capacity 1913K, committed 1920K, reserved 1048576K
Event: 2.660 GC heap after
Heap after GC invocations=3 (full 0):
 PSYoungGen      total 37888K, used 5096K [0x00000000d6180000, 0x00000000dab80000, 0x0000000100000000)
  eden space 32768K, 0% used [0x00000000d6180000,0x00000000d6180000,0x00000000d8180000)
  from space 5120K, 99% used [0x00000000d8180000,0x00000000d867a020,0x00000000d8680000)
  to   space 5120K, 0% used [0x00000000da680000,0x00000000da680000,0x00000000dab80000)
 ParOldGen       total 86016K, used 5500K [0x0000000082400000, 0x0000000087800000, 0x00000000d6180000)
  object space 86016K, 6% used [0x0000000082400000,0x000000008295f3b0,0x0000000087800000)
 Metaspace       used 14735K, capacity 15002K, committed 15232K, reserved 1062912K
  class space    used 1821K, capacity 1913K, committed 1920K, reserved 1048576K
}
Event: 2.833 GC heap before
{Heap before GC invocations=4 (full 0):
 PSYoungGen      total 37888K, used 37864K [0x00000000d6180000, 0x00000000dab80000, 0x0000000100000000)
  eden space 32768K, 100% used [0x00000000d6180000,0x00000000d8180000,0x00000000d8180000)
  from space 5120K, 99% used [0x00000000d8180000,0x00000000d867a020,0x00000000d8680000)
  to   space 5120K, 0% used [0x00000000da680000,0x00000000da680000,0x00000000dab80000)
 ParOldGen       total 86016K, used 5500K [0x0000000082400000, 0x0000000087800000, 0x00000000d6180000)
  object space 86016K, 6% used [0x0000000082400000,0x000000008295f3b0,0x0000000087800000)
 Metaspace       used 15074K, capacity 15354K, committed 15616K, reserved 1062912K
  class space    used 1839K, capacity 1945K, committed 2048K, reserved 1048576K
Event: 2.841 GC heap after
Heap after GC invocations=4 (full 0):
 PSYoungGen      total 70656K, used 5096K [0x00000000d6180000, 0x00000000dab80000, 0x0000000100000000)
  eden space 65536K, 0% used [0x00000000d6180000,0x00000000d6180000,0x00000000da180000)
  from space 5120K, 99% used [0x00000000da680000,0x00000000dab7a040,0x00000000dab80000)
  to   space 5120K, 0% used [0x00000000da180000,0x00000000da180000,0x00000000da680000)
 ParOldGen       total 86016K, used 8351K [0x0000000082400000, 0x0000000087800000, 0x00000000d6180000)
  object space 86016K, 9% used [0x0000000082400000,0x0000000082c27ec8,0x0000000087800000)
 Metaspace       used 15074K, capacity 15354K, committed 15616K, reserved 1062912K
  class space    used 1839K, capacity 1945K, committed 2048K, reserved 1048576K
}
Event: 3.164 GC heap before
{Heap before GC invocations=5 (full 0):
 PSYoungGen      total 70656K, used 70632K [0x00000000d6180000, 0x00000000dab80000, 0x0000000100000000)
  eden space 65536K, 100% used [0x00000000d6180000,0x00000000da180000,0x00000000da180000)
  from space 5120K, 99% used [0x00000000da680000,0x00000000dab7a040,0x00000000dab80000)
  to   space 5120K, 0% used [0x00000000da180000,0x00000000da180000,0x00000000da680000)
 ParOldGen       total 86016K, used 8351K [0x0000000082400000, 0x0000000087800000, 0x00000000d6180000)
  object space 86016K, 9% used [0x0000000082400000,0x0000000082c27ec8,0x0000000087800000)
 Metaspace       used 15437K, capacity 15754K, committed 15872K, reserved 1062912K
  class space    used 1864K, capacity 1985K, committed 2048K, reserved 1048576K
Event: 3.174 GC heap after
Heap after GC invocations=5 (full 0):
 PSYoungGen      total 70656K, used 5096K [0x00000000d6180000, 0x00000000df880000, 0x0000000100000000)
  eden space 65536K, 0% used [0x00000000d6180000,0x00000000d6180000,0x00000000da180000)
  from space 5120K, 99% used [0x00000000da180000,0x00000000da67a040,0x00000000da680000)
  to   space 11776K, 0% used [0x00000000ded00000,0x00000000ded00000,0x00000000df880000)
 ParOldGen       total 86016K, used 14110K [0x0000000082400000, 0x0000000087800000, 0x00000000d6180000)
  object space 86016K, 16% used [0x0000000082400000,0x00000000831c79f8,0x0000000087800000)
 Metaspace       used 15437K, capacity 15754K, committed 15872K, reserved 1062912K
  class space    used 1864K, capacity 1985K, committed 2048K, reserved 1048576K
}
Event: 3.551 GC heap before
{Heap before GC invocations=6 (full 0):
 PSYoungGen      total 70656K, used 70632K [0x00000000d6180000, 0x00000000df880000, 0x0000000100000000)
  eden space 65536K, 100% used [0x00000000d6180000,0x00000000da180000,0x00000000da180000)
  from space 5120K, 99% used [0x00000000da180000,0x00000000da67a040,0x00000000da680000)
  to   space 11776K, 0% used [0x00000000ded00000,0x00000000ded00000,0x00000000df880000)
 ParOldGen       total 86016K, used 14110K [0x0000000082400000, 0x0000000087800000, 0x00000000d6180000)
  object space 86016K, 16% used [0x0000000082400000,0x00000000831c79f8,0x0000000087800000)
 Metaspace       used 15834K, capacity 16168K, committed 16384K, reserved 1062912K
  class space    used 1869K, capacity 1990K, committed 2048K, reserved 1048576K
Event: 3.565 GC heap after
Heap after GC invocations=6 (full 0):
 PSYoungGen      total 141312K, used 11400K [0x00000000d6180000, 0x00000000dfb80000, 0x0000000100000000)
  eden space 129536K, 0% used [0x00000000d6180000,0x00000000d6180000,0x00000000de000000)
  from space 11776K, 96% used [0x00000000ded00000,0x00000000df822020,0x00000000df880000)
  to   space 13312K, 0% used [0x00000000de000000,0x00000000de000000,0x00000000ded00000)
 ParOldGen       total 86016K, used 14118K [0x0000000082400000, 0x0000000087800000, 0x00000000d6180000)
  object space 86016K, 16% used [0x0000000082400000,0x00000000831c99f8,0x0000000087800000)
 Metaspace       used 15834K, capacity 16168K, committed 16384K, reserved 1062912K
  class space    used 1869K, capacity 1990K, committed 2048K, reserved 1048576K
}
Event: 4.606 GC heap before
{Heap before GC invocations=7 (full 0):
 PSYoungGen      total 141312K, used 140936K [0x00000000d6180000, 0x00000000dfb80000, 0x0000000100000000)
  eden space 129536K, 100% used [0x00000000d6180000,0x00000000de000000,0x00000000de000000)
  from space 11776K, 96% used [0x00000000ded00000,0x00000000df822020,0x00000000df880000)
  to   space 13312K, 0% used [0x00000000de000000,0x00000000de000000,0x00000000ded00000)
 ParOldGen       total 86016K, used 14118K [0x0000000082400000, 0x0000000087800000, 0x00000000d6180000)
  object space 86016K, 16% used [0x0000000082400000,0x00000000831c99f8,0x0000000087800000)
 Metaspace       used 17598K, capacity 18008K, committed 18048K, reserved 1064960K
  class space    used 2021K, capacity 2136K, committed 2176K, reserved 1048576K
Event: 4.627 GC heap after
Heap after GC invocations=7 (full 0):
 PSYoungGen      total 142848K, used 13296K [0x00000000d6180000, 0x00000000e8380000, 0x0000000100000000)
  eden space 129536K, 0% used [0x00000000d6180000,0x00000000d6180000,0x00000000de000000)
  from space 13312K, 99% used [0x00000000de000000,0x00000000decfc010,0x00000000ded00000)
  to   space 18944K, 0% used [0x00000000e7100000,0x00000000e7100000,0x00000000e8380000)
 ParOldGen       total 86016K, used 22569K [0x0000000082400000, 0x0000000087800000, 0x00000000d6180000)
  object space 86016K, 26% used [0x0000000082400000,0x0000000083a0a5f8,0x0000000087800000)
 Metaspace       used 17598K, capacity 18008K, committed 18048K, reserved 1064960K
  class space    used 2021K, capacity 2136K, committed 2176K, reserved 1048576K
}

