# JRE version: Java(TM) SE Runtime Environment (8.0_60-b27) (build 1.8.0_60-b27)
# Java VM: Java HotSpot(TM) 64-Bit Server VM (25.60-b23 mixed mode windows-amd64 compressed oops)
Heap:
 PSYoungGen      total 143360K, used 77010K [0x00000000d6180000, 0x00000000e8480000, 0x0000000100000000)
  eden space 130048K, 49% used [0x00000000d6180000,0x00000000d9fbc800,0x00000000de080000)
  from space 13312K, 99% used [0x00000000de080000,0x00000000ded78020,0x00000000ded80000)
  to   space 18944K, 0% used [0x00000000e7200000,0x00000000e7200000,0x00000000e8480000)
 ParOldGen       total 86016K, used 22373K [0x0000000082400000, 0x0000000087800000, 0x00000000d6180000)
  object space 86016K, 26% used [0x0000000082400000,0x00000000839d9588,0x0000000087800000)
 Metaspace       used 19561K, capacity 20150K, committed 20352K, reserved 1067008K
  class space    used 2216K, capacity 2396K, committed 2432K, reserved 1048576K
GC Heap History (10 events):
Event: 2.599 GC heap before
{Heap before GC invocations=3 (full 0):
 PSYoungGen      total 37888K, used 37879K [0x00000000d6180000, 0x00000000dab80000, 0x0000000100000000)
  eden space 32768K, 100% used [0x00000000d6180000,0x00000000d8180000,0x00000000d8180000)
  from space 5120K, 99% used [0x00000000d8680000,0x00000000d8b7dd30,0x00000000d8b80000)
  to   space 5120K, 0% used [0x00000000d8180000,0x00000000d8180000,0x00000000d8680000)
 ParOldGen       total 86016K, used 1940K [0x0000000082400000, 0x0000000087800000, 0x00000000d6180000)
  object space 86016K, 2% used [0x0000000082400000,0x00000000825e5360,0x0000000087800000)
 Metaspace       used 14728K, capacity 14938K, committed 15232K, reserved 1062912K
  class space    used 1821K, capacity 1913K, committed 1920K, reserved 1048576K
Event: 2.606 GC heap after
Heap after GC invocations=3 (full 0):
 PSYoungGen      total 37888K, used 5096K [0x00000000d6180000, 0x00000000dab80000, 0x0000000100000000)
  eden space 32768K, 0% used [0x00000000d6180000,0x00000000d6180000,0x00000000d8180000)
  from space 5120K, 99% used [0x00000000d8180000,0x00000000d867a040,0x00000000d8680000)
  to   space 5120K, 0% used [0x00000000da680000,0x00000000da680000,0x00000000dab80000)
 ParOldGen       total 86016K, used 5272K [0x0000000082400000, 0x0000000087800000, 0x00000000d6180000)
  object space 86016K, 6% used [0x0000000082400000,0x0000000082926130,0x0000000087800000)
 Metaspace       used 14728K, capacity 14938K, committed 15232K, reserved 1062912K
  class space    used 1821K, capacity 1913K, committed 1920K, reserved 1048576K
}
Event: 2.811 GC heap before
{Heap before GC invocations=4 (full 0):
 PSYoungGen      total 37888K, used 37864K [0x00000000d6180000, 0x00000000dab80000, 0x0000000100000000)
  eden space 32768K, 100% used [0x00000000d6180000,0x00000000d8180000,0x00000000d8180000)
  from space 5120K, 99% used [0x00000000d8180000,0x00000000d867a040,0x00000000d8680000)
  to   space 5120K, 0% used [0x00000000da680000,0x00000000da680000,0x00000000dab80000)
 ParOldGen       total 86016K, used 5272K [0x0000000082400000, 0x0000000087800000, 0x00000000d6180000)
  object space 86016K, 6% used [0x0000000082400000,0x0000000082926130,0x0000000087800000)
 Metaspace       used 15079K, capacity 15354K, committed 15616K, reserved 1062912K
  class space    used 1838K, capacity 1945K, committed 2048K, reserved 1048576K
Event: 2.820 GC heap after
Heap after GC invocations=4 (full 0):
 PSYoungGen      total 70656K, used 5096K [0x00000000d6180000, 0x00000000dab80000, 0x0000000100000000)
  eden space 65536K, 0% used [0x00000000d6180000,0x00000000d6180000,0x00000000da180000)
  from space 5120K, 99% used [0x00000000da680000,0x00000000dab7a020,0x00000000dab80000)
  to   space 5120K, 0% used [0x00000000da180000,0x00000000da180000,0x00000000da680000)
 ParOldGen       total 86016K, used 8192K [0x0000000082400000, 0x0000000087800000, 0x00000000d6180000)
  object space 86016K, 9% used [0x0000000082400000,0x0000000082c00300,0x0000000087800000)
 Metaspace       used 15079K, capacity 15354K, committed 15616K, reserved 1062912K
  class space    used 1838K, capacity 1945K, committed 2048K, reserved 1048576K
}
Event: 3.347 GC heap before
{Heap before GC invocations=5 (full 0):
 PSYoungGen      total 70656K, used 70632K [0x00000000d6180000, 0x00000000dab80000, 0x0000000100000000)
  eden space 65536K, 100% used [0x00000000d6180000,0x00000000da180000,0x00000000da180000)
  from space 5120K, 99% used [0x00000000da680000,0x00000000dab7a020,0x00000000dab80000)
  to   space 5120K, 0% used [0x00000000da180000,0x00000000da180000,0x00000000da680000)
 ParOldGen       total 86016K, used 8192K [0x0000000082400000, 0x0000000087800000, 0x00000000d6180000)
  object space 86016K, 9% used [0x0000000082400000,0x0000000082c00300,0x0000000087800000)
 Metaspace       used 15452K, capacity 15754K, committed 15872K, reserved 1062912K
  class space    used 1864K, capacity 1985K, committed 2048K, reserved 1048576K
Event: 3.363 GC heap after
Heap after GC invocations=5 (full 0):
 PSYoungGen      total 70656K, used 5096K [0x00000000d6180000, 0x00000000df980000, 0x0000000100000000)
  eden space 65536K, 0% used [0x00000000d6180000,0x00000000d6180000,0x00000000da180000)
  from space 5120K, 99% used [0x00000000da180000,0x00000000da67a020,0x00000000da680000)
  to   space 12288K, 0% used [0x00000000ded80000,0x00000000ded80000,0x00000000df980000)
 ParOldGen       total 86016K, used 14339K [0x0000000082400000, 0x0000000087800000, 0x00000000d6180000)
  object space 86016K, 16% used [0x0000000082400000,0x0000000083200e20,0x0000000087800000)
 Metaspace       used 15452K, capacity 15754K, committed 15872K, reserved 1062912K
  class space    used 1864K, capacity 1985K, committed 2048K, reserved 1048576K
}
Event: 3.874 GC heap before
{Heap before GC invocations=6 (full 0):
 PSYoungGen      total 70656K, used 70632K [0x00000000d6180000, 0x00000000df980000, 0x0000000100000000)
  eden space 65536K, 100% used [0x00000000d6180000,0x00000000da180000,0x00000000da180000)
  from space 5120K, 99% used [0x00000000da180000,0x00000000da67a020,0x00000000da680000)
  to   space 12288K, 0% used [0x00000000ded80000,0x00000000ded80000,0x00000000df980000)
 ParOldGen       total 86016K, used 14339K [0x0000000082400000, 0x0000000087800000, 0x00000000d6180000)
  object space 86016K, 16% used [0x0000000082400000,0x0000000083200e20,0x0000000087800000)
 Metaspace       used 15899K, capacity 16232K, committed 16384K, reserved 1062912K
  class space    used 1869K, capacity 1990K, committed 2048K, reserved 1048576K
Event: 3.889 GC heap after
Heap after GC invocations=6 (full 0):
 PSYoungGen      total 142336K, used 11144K [0x00000000d6180000, 0x00000000dfb80000, 0x0000000100000000)
  eden space 130048K, 0% used [0x00000000d6180000,0x00000000d6180000,0x00000000de080000)
  from space 12288K, 90% used [0x00000000ded80000,0x00000000df862040,0x00000000df980000)
  to   space 13312K, 0% used [0x00000000de080000,0x00000000de080000,0x00000000ded80000)
 ParOldGen       total 86016K, used 14347K [0x0000000082400000, 0x0000000087800000, 0x00000000d6180000)
  object space 86016K, 16% used [0x0000000082400000,0x0000000083202e20,0x0000000087800000)
 Metaspace       used 15899K, capacity 16232K, committed 16384K, reserved 1062912K
  class space    used 1869K, capacity 1990K, committed 2048K, reserved 1048576K
}
Event: 4.978 GC heap before
{Heap before GC invocations=7 (full 0):
 PSYoungGen      total 142336K, used 141192K [0x00000000d6180000, 0x00000000dfb80000, 0x0000000100000000)
  eden space 130048K, 100% used [0x00000000d6180000,0x00000000de080000,0x00000000de080000)
  from space 12288K, 90% used [0x00000000ded80000,0x00000000df862040,0x00000000df980000)
  to   space 13312K, 0% used [0x00000000de080000,0x00000000de080000,0x00000000ded80000)
 ParOldGen       total 86016K, used 14347K [0x0000000082400000, 0x0000000087800000, 0x00000000d6180000)
  object space 86016K, 16% used [0x0000000082400000,0x0000000083202e20,0x0000000087800000)
 Metaspace       used 17670K, capacity 18136K, committed 18304K, reserved 1064960K
  class space    used 2023K, capacity 2136K, committed 2176K, reserved 1048576K
Event: 4.999 GC heap after
Heap after GC invocations=7 (full 0):
 PSYoungGen      total 143360K, used 13280K [0x00000000d6180000, 0x00000000e8480000, 0x0000000100000000)
  eden space 130048K, 0% used [0x00000000d6180000,0x00000000d6180000,0x00000000de080000)
  from space 13312K, 99% used [0x00000000de080000,0x00000000ded78020,0x00000000ded80000)
  to   space 18944K, 0% used [0x00000000e7200000,0x00000000e7200000,0x00000000e8480000)
 ParOldGen       total 86016K, used 22373K [0x0000000082400000, 0x0000000087800000, 0x00000000d6180000)
  object space 86016K, 26% used [0x0000000082400000,0x00000000839d9588,0x0000000087800000)
 Metaspace       used 17670K, capacity 18136K, committed 18304K, reserved 1064960K
  class space    used 2023K, capacity 2136K, committed 2176K, reserved 1048576K
}

