# JRE version: Java(TM) SE Runtime Environment (8.0_60-b27) (build 1.8.0_60-b27)
# Java VM: Java HotSpot(TM) 64-Bit Server VM (25.60-b23 mixed mode windows-amd64 compressed oops)
Heap:
 PSYoungGen      total 151552K, used 38581K [0x00000000d6180000, 0x00000000dff80000, 0x0000000100000000)
  eden space 141824K, 22% used [0x00000000d6180000,0x00000000d8107238,0x00000000dec00000)
  from space 9728K, 64% used [0x00000000df500000,0x00000000dfb26450,0x00000000dfe80000)
  to   space 9216K, 0% used [0x00000000dec00000,0x00000000dec00000,0x00000000df500000)
 ParOldGen       total 60416K, used 9133K [0x0000000082400000, 0x0000000085f00000, 0x00000000d6180000)
  object space 60416K, 15% used [0x0000000082400000,0x0000000082ceb560,0x0000000085f00000)
 Metaspace       used 30656K, capacity 32484K, committed 32640K, reserved 1077248K
  class space    used 4085K, capacity 4430K, committed 4480K, reserved 1048576K
GC Heap History (10 events):
Event: 1.872 GC heap before
{Heap before GC invocations=5 (full 1):
 PSYoungGen      total 70656K, used 5099K [0x00000000d6180000, 0x00000000deb80000, 0x0000000100000000)
  eden space 65536K, 0% used [0x00000000d6180000,0x00000000d6180000,0x00000000da180000)
  from space 5120K, 99% used [0x00000000da680000,0x00000000dab7adf0,0x00000000dab80000)
  to   space 5120K, 0% used [0x00000000da180000,0x00000000da180000,0x00000000da680000)
 ParOldGen       total 86016K, used 7449K [0x0000000082400000, 0x0000000087800000, 0x00000000d6180000)
  object space 86016K, 8% used [0x0000000082400000,0x0000000082b46418,0x0000000087800000)
 Metaspace       used 20017K, capacity 21174K, committed 21296K, reserved 1067008K
  class space    used 2645K, capacity 2899K, committed 2944K, reserved 1048576K
Event: 1.897 GC heap after
Heap after GC invocations=5 (full 1):
 PSYoungGen      total 70656K, used 0K [0x00000000d6180000, 0x00000000deb80000, 0x0000000100000000)
  eden space 65536K, 0% used [0x00000000d6180000,0x00000000d6180000,0x00000000da180000)
  from space 5120K, 0% used [0x00000000da680000,0x00000000da680000,0x00000000dab80000)
  to   space 5120K, 0% used [0x00000000da180000,0x00000000da180000,0x00000000da680000)
 ParOldGen       total 60416K, used 8679K [0x0000000082400000, 0x0000000085f00000, 0x00000000d6180000)
  object space 60416K, 14% used [0x0000000082400000,0x0000000082c79e58,0x0000000085f00000)
 Metaspace       used 20017K, capacity 21174K, committed 21296K, reserved 1067008K
  class space    used 2645K, capacity 2899K, committed 2944K, reserved 1048576K
}
Event: 5.540 GC heap before
{Heap before GC invocations=6 (full 1):
 PSYoungGen      total 70656K, used 65536K [0x00000000d6180000, 0x00000000deb80000, 0x0000000100000000)
  eden space 65536K, 100% used [0x00000000d6180000,0x00000000da180000,0x00000000da180000)
  from space 5120K, 0% used [0x00000000da680000,0x00000000da680000,0x00000000dab80000)
  to   space 5120K, 0% used [0x00000000da180000,0x00000000da180000,0x00000000da680000)
 ParOldGen       total 60416K, used 8679K [0x0000000082400000, 0x0000000085f00000, 0x00000000d6180000)
  object space 60416K, 14% used [0x0000000082400000,0x0000000082c79e58,0x0000000085f00000)
 Metaspace       used 24142K, capacity 25558K, committed 25728K, reserved 1071104K
  class space    used 3298K, capacity 3601K, committed 3712K, reserved 1048576K
Event: 5.544 GC heap after
Heap after GC invocations=6 (full 1):
 PSYoungGen      total 70656K, used 5118K [0x00000000d6180000, 0x00000000dd780000, 0x0000000100000000)
  eden space 65536K, 0% used [0x00000000d6180000,0x00000000d6180000,0x00000000da180000)
  from space 5120K, 99% used [0x00000000da180000,0x00000000da67f870,0x00000000da680000)
  to   space 10240K, 0% used [0x00000000dcd80000,0x00000000dcd80000,0x00000000dd780000)
 ParOldGen       total 60416K, used 9109K [0x0000000082400000, 0x0000000085f00000, 0x00000000d6180000)
  object space 60416K, 15% used [0x0000000082400000,0x0000000082ce5560,0x0000000085f00000)
 Metaspace       used 24142K, capacity 25558K, committed 25728K, reserved 1071104K
  class space    used 3298K, capacity 3601K, committed 3712K, reserved 1048576K
}
Event: 9.648 GC heap before
{Heap before GC invocations=7 (full 1):
 PSYoungGen      total 70656K, used 70654K [0x00000000d6180000, 0x00000000dd780000, 0x0000000100000000)
  eden space 65536K, 100% used [0x00000000d6180000,0x00000000da180000,0x00000000da180000)
  from space 5120K, 99% used [0x00000000da180000,0x00000000da67f870,0x00000000da680000)
  to   space 10240K, 0% used [0x00000000dcd80000,0x00000000dcd80000,0x00000000dd780000)
 ParOldGen       total 60416K, used 9109K [0x0000000082400000, 0x0000000085f00000, 0x00000000d6180000)
  object space 60416K, 15% used [0x0000000082400000,0x0000000082ce5560,0x0000000085f00000)
 Metaspace       used 26778K, capacity 28382K, committed 28544K, reserved 1073152K
  class space    used 3587K, capacity 3917K, committed 3968K, reserved 1048576K
Event: 9.653 GC heap after
Heap after GC invocations=7 (full 1):
 PSYoungGen      total 102400K, used 6079K [0x00000000d6180000, 0x00000000dd380000, 0x0000000100000000)
  eden space 96256K, 0% used [0x00000000d6180000,0x00000000d6180000,0x00000000dbf80000)
  from space 6144K, 98% used [0x00000000dcd80000,0x00000000dd36fe28,0x00000000dd380000)
  to   space 9728K, 0% used [0x00000000dc080000,0x00000000dc080000,0x00000000dca00000)
 ParOldGen       total 60416K, used 9117K [0x0000000082400000, 0x0000000085f00000, 0x00000000d6180000)
  object space 60416K, 15% used [0x0000000082400000,0x0000000082ce7560,0x0000000085f00000)
 Metaspace       used 26778K, capacity 28382K, committed 28544K, reserved 1073152K
  class space    used 3587K, capacity 3917K, committed 3968K, reserved 1048576K
}
Event: 10.149 GC heap before
{Heap before GC invocations=8 (full 1):
 PSYoungGen      total 102400K, used 102335K [0x00000000d6180000, 0x00000000dd380000, 0x0000000100000000)
  eden space 96256K, 100% used [0x00000000d6180000,0x00000000dbf80000,0x00000000dbf80000)
  from space 6144K, 98% used [0x00000000dcd80000,0x00000000dd36fe28,0x00000000dd380000)
  to   space 9728K, 0% used [0x00000000dc080000,0x00000000dc080000,0x00000000dca00000)
 ParOldGen       total 60416K, used 9117K [0x0000000082400000, 0x0000000085f00000, 0x00000000d6180000)
  object space 60416K, 15% used [0x0000000082400000,0x0000000082ce7560,0x0000000085f00000)
 Metaspace       used 28456K, capacity 30146K, committed 30336K, reserved 1075200K
  class space    used 3786K, capacity 4099K, committed 4224K, reserved 1048576K
Event: 10.155 GC heap after
Heap after GC invocations=8 (full 1):
 PSYoungGen      total 107008K, used 7196K [0x00000000d6180000, 0x00000000dfe80000, 0x0000000100000000)
  eden space 97280K, 0% used [0x00000000d6180000,0x00000000d6180000,0x00000000dc080000)
  from space 9728K, 73% used [0x00000000dc080000,0x00000000dc787398,0x00000000dca00000)
  to   space 9728K, 0% used [0x00000000df500000,0x00000000df500000,0x00000000dfe80000)
 ParOldGen       total 60416K, used 9125K [0x0000000082400000, 0x0000000085f00000, 0x00000000d6180000)
  object space 60416K, 15% used [0x0000000082400000,0x0000000082ce9560,0x0000000085f00000)
 Metaspace       used 28456K, capacity 30146K, committed 30336K, reserved 1075200K
  class space    used 3786K, capacity 4099K, committed 4224K, reserved 1048576K
}
Event: 10.587 GC heap before
{Heap before GC invocations=9 (full 1):
 PSYoungGen      total 107008K, used 104476K [0x00000000d6180000, 0x00000000dfe80000, 0x0000000100000000)
  eden space 97280K, 100% used [0x00000000d6180000,0x00000000dc080000,0x00000000dc080000)
  from space 9728K, 73% used [0x00000000dc080000,0x00000000dc787398,0x00000000dca00000)
  to   space 9728K, 0% used [0x00000000df500000,0x00000000df500000,0x00000000dfe80000)
 ParOldGen       total 60416K, used 9125K [0x0000000082400000, 0x0000000085f00000, 0x00000000d6180000)
  object space 60416K, 15% used [0x0000000082400000,0x0000000082ce9560,0x0000000085f00000)
 Metaspace       used 28899K, capacity 30650K, committed 30848K, reserved 1075200K
  class space    used 3851K, capacity 4171K, committed 4224K, reserved 1048576K
Event: 10.592 GC heap after
Heap after GC invocations=9 (full 1):
 PSYoungGen      total 151552K, used 6297K [0x00000000d6180000, 0x00000000dff80000, 0x0000000100000000)
  eden space 141824K, 0% used [0x00000000d6180000,0x00000000d6180000,0x00000000dec00000)
  from space 9728K, 64% used [0x00000000df500000,0x00000000dfb26450,0x00000000dfe80000)
  to   space 9216K, 0% used [0x00000000dec00000,0x00000000dec00000,0x00000000df500000)
 ParOldGen       total 60416K, used 9133K [0x0000000082400000, 0x0000000085f00000, 0x00000000d6180000)
  object space 60416K, 15% used [0x0000000082400000,0x0000000082ceb560,0x0000000085f00000)
 Metaspace       used 28899K, capacity 30650K, committed 30848K, reserved 1075200K
  class space    used 3851K, capacity 4171K, committed 4224K, reserved 1048576K
}

