# JRE version: Java(TM) SE Runtime Environment (8.0_60-b27) (build 1.8.0_60-b27)
# Java VM: Java HotSpot(TM) 64-Bit Server VM (25.60-b23 mixed mode windows-amd64 compressed oops)
Heap:
 PSYoungGen      total 207872K, used 33865K [0x00000000d6180000, 0x00000000e4500000, 0x0000000100000000)
  eden space 197120K, 17% used [0x00000000d6180000,0x00000000d8292468,0x00000000e2200000)
  from space 10752K, 0% used [0x00000000e2c80000,0x00000000e2c80000,0x00000000e3700000)
  to   space 10752K, 0% used [0x00000000e2200000,0x00000000e2200000,0x00000000e2c80000)
 ParOldGen       total 75776K, used 13178K [0x0000000082400000, 0x0000000086e00000, 0x00000000d6180000)
  object space 75776K, 17% used [0x0000000082400000,0x00000000830de8f0,0x0000000086e00000)
 Metaspace       used 34674K, capacity 36684K, committed 36736K, reserved 1081344K
  class space    used 4613K, capacity 4980K, committed 4992K, reserved 1048576K
GC Heap History (10 events):
Event: 8.962 GC heap before
{Heap before GC invocations=8 (full 1):
 PSYoungGen      total 104960K, used 104752K [0x00000000d6180000, 0x00000000def80000, 0x0000000100000000)
  eden space 99328K, 100% used [0x00000000d6180000,0x00000000dc280000,0x00000000dc280000)
  from space 5632K, 96% used [0x00000000dea00000,0x00000000def4c320,0x00000000def80000)
  to   space 8704K, 0% used [0x00000000dde80000,0x00000000dde80000,0x00000000de700000)
 ParOldGen       total 59392K, used 8574K [0x0000000082400000, 0x0000000085e00000, 0x00000000d6180000)
  object space 59392K, 14% used [0x0000000082400000,0x0000000082c5f988,0x0000000085e00000)
 Metaspace       used 27783K, capacity 29402K, committed 29696K, reserved 1075200K
  class space    used 3712K, capacity 4023K, committed 4096K, reserved 1048576K
Event: 8.973 GC heap after
Heap after GC invocations=8 (full 1):
 PSYoungGen      total 136704K, used 7355K [0x00000000d6180000, 0x00000000e0100000, 0x0000000100000000)
  eden space 128000K, 0% used [0x00000000d6180000,0x00000000d6180000,0x00000000dde80000)
  from space 8704K, 84% used [0x00000000dde80000,0x00000000de5aef58,0x00000000de700000)
  to   space 9216K, 0% used [0x00000000df800000,0x00000000df800000,0x00000000e0100000)
 ParOldGen       total 59392K, used 8582K [0x0000000082400000, 0x0000000085e00000, 0x00000000d6180000)
  object space 59392K, 14% used [0x0000000082400000,0x0000000082c61988,0x0000000085e00000)
 Metaspace       used 27783K, capacity 29402K, committed 29696K, reserved 1075200K
  class space    used 3712K, capacity 4023K, committed 4096K, reserved 1048576K
}
Event: 9.481 GC heap before
{Heap before GC invocations=9 (full 1):
 PSYoungGen      total 136704K, used 135355K [0x00000000d6180000, 0x00000000e0100000, 0x0000000100000000)
  eden space 128000K, 100% used [0x00000000d6180000,0x00000000dde80000,0x00000000dde80000)
  from space 8704K, 84% used [0x00000000dde80000,0x00000000de5aef58,0x00000000de700000)
  to   space 9216K, 0% used [0x00000000df800000,0x00000000df800000,0x00000000e0100000)
 ParOldGen       total 59392K, used 8582K [0x0000000082400000, 0x0000000085e00000, 0x00000000d6180000)
  object space 59392K, 14% used [0x0000000082400000,0x0000000082c61988,0x0000000085e00000)
 Metaspace       used 28587K, capacity 30342K, committed 30592K, reserved 1075200K
  class space    used 3806K, capacity 4139K, committed 4224K, reserved 1048576K
Event: 9.509 GC heap after
Heap after GC invocations=9 (full 1):
 PSYoungGen      total 154112K, used 6956K [0x00000000d6180000, 0x00000000e3f80000, 0x0000000100000000)
  eden space 144896K, 0% used [0x00000000d6180000,0x00000000d6180000,0x00000000def00000)
  from space 9216K, 75% used [0x00000000df800000,0x00000000dfecb2b8,0x00000000e0100000)
  to   space 9216K, 0% used [0x00000000def00000,0x00000000def00000,0x00000000df800000)
 ParOldGen       total 59392K, used 8590K [0x0000000082400000, 0x0000000085e00000, 0x00000000d6180000)
  object space 59392K, 14% used [0x0000000082400000,0x0000000082c63988,0x0000000085e00000)
 Metaspace       used 28587K, capacity 30342K, committed 30592K, reserved 1075200K
  class space    used 3806K, capacity 4139K, committed 4224K, reserved 1048576K
}
Event: 10.395 GC heap before
{Heap before GC invocations=10 (full 1):
 PSYoungGen      total 154112K, used 151852K [0x00000000d6180000, 0x00000000e3f80000, 0x0000000100000000)
  eden space 144896K, 100% used [0x00000000d6180000,0x00000000def00000,0x00000000def00000)
  from space 9216K, 75% used [0x00000000df800000,0x00000000dfecb2b8,0x00000000e0100000)
  to   space 9216K, 0% used [0x00000000def00000,0x00000000def00000,0x00000000df800000)
 ParOldGen       total 59392K, used 8590K [0x0000000082400000, 0x0000000085e00000, 0x00000000d6180000)
  object space 59392K, 14% used [0x0000000082400000,0x0000000082c63988,0x0000000085e00000)
 Metaspace       used 32106K, capacity 34010K, committed 34176K, reserved 1079296K
  class space    used 4289K, capacity 4639K, committed 4736K, reserved 1048576K
Event: 10.404 GC heap after
Heap after GC invocations=10 (full 1):
 PSYoungGen      total 154112K, used 9202K [0x00000000d6180000, 0x00000000e3700000, 0x0000000100000000)
  eden space 144896K, 0% used [0x00000000d6180000,0x00000000d6180000,0x00000000def00000)
  from space 9216K, 99% used [0x00000000def00000,0x00000000df7fcac8,0x00000000df800000)
  to   space 10752K, 0% used [0x00000000e2c80000,0x00000000e2c80000,0x00000000e3700000)
 ParOldGen       total 59392K, used 10172K [0x0000000082400000, 0x0000000085e00000, 0x00000000d6180000)
  object space 59392K, 17% used [0x0000000082400000,0x0000000082def070,0x0000000085e00000)
 Metaspace       used 32106K, capacity 34010K, committed 34176K, reserved 1079296K
  class space    used 4289K, capacity 4639K, committed 4736K, reserved 1048576K
}
Event: 10.797 GC heap before
{Heap before GC invocations=11 (full 1):
 PSYoungGen      total 154112K, used 29882K [0x00000000d6180000, 0x00000000e3700000, 0x0000000100000000)
  eden space 144896K, 14% used [0x00000000d6180000,0x00000000d75b1fd0,0x00000000def00000)
  from space 9216K, 99% used [0x00000000def00000,0x00000000df7fcac8,0x00000000df800000)
  to   space 10752K, 0% used [0x00000000e2c80000,0x00000000e2c80000,0x00000000e3700000)
 ParOldGen       total 59392K, used 10172K [0x0000000082400000, 0x0000000085e00000, 0x00000000d6180000)
  object space 59392K, 17% used [0x0000000082400000,0x0000000082def070,0x0000000085e00000)
 Metaspace       used 33463K, capacity 35400K, committed 35496K, reserved 1079296K
  class space    used 4453K, capacity 4812K, committed 4864K, reserved 1048576K
Event: 10.841 GC heap after
Heap after GC invocations=11 (full 1):
 PSYoungGen      total 207872K, used 8262K [0x00000000d6180000, 0x00000000e4500000, 0x0000000100000000)
  eden space 197120K, 0% used [0x00000000d6180000,0x00000000d6180000,0x00000000e2200000)
  from space 10752K, 76% used [0x00000000e2c80000,0x00000000e3491ab8,0x00000000e3700000)
  to   space 10752K, 0% used [0x00000000e2200000,0x00000000e2200000,0x00000000e2c80000)
 ParOldGen       total 59392K, used 10180K [0x0000000082400000, 0x0000000085e00000, 0x00000000d6180000)
  object space 59392K, 17% used [0x0000000082400000,0x0000000082df1070,0x0000000085e00000)
 Metaspace       used 33463K, capacity 35400K, committed 35496K, reserved 1079296K
  class space    used 4453K, capacity 4812K, committed 4864K, reserved 1048576K
}
Event: 10.841 GC heap before
{Heap before GC invocations=12 (full 2):
 PSYoungGen      total 207872K, used 8262K [0x00000000d6180000, 0x00000000e4500000, 0x0000000100000000)
  eden space 197120K, 0% used [0x00000000d6180000,0x00000000d6180000,0x00000000e2200000)
  from space 10752K, 76% used [0x00000000e2c80000,0x00000000e3491ab8,0x00000000e3700000)
  to   space 10752K, 0% used [0x00000000e2200000,0x00000000e2200000,0x00000000e2c80000)
 ParOldGen       total 59392K, used 10180K [0x0000000082400000, 0x0000000085e00000, 0x00000000d6180000)
  object space 59392K, 17% used [0x0000000082400000,0x0000000082df1070,0x0000000085e00000)
 Metaspace       used 33463K, capacity 35400K, committed 35496K, reserved 1079296K
  class space    used 4453K, capacity 4812K, committed 4864K, reserved 1048576K
Event: 10.967 GC heap after
Heap after GC invocations=12 (full 2):
 PSYoungGen      total 207872K, used 0K [0x00000000d6180000, 0x00000000e4500000, 0x0000000100000000)
  eden space 197120K, 0% used [0x00000000d6180000,0x00000000d6180000,0x00000000e2200000)
  from space 10752K, 0% used [0x00000000e2c80000,0x00000000e2c80000,0x00000000e3700000)
  to   space 10752K, 0% used [0x00000000e2200000,0x00000000e2200000,0x00000000e2c80000)
 ParOldGen       total 75776K, used 13178K [0x0000000082400000, 0x0000000086e00000, 0x00000000d6180000)
  object space 75776K, 17% used [0x0000000082400000,0x00000000830de8f0,0x0000000086e00000)
 Metaspace       used 33463K, capacity 35400K, committed 35496K, reserved 1079296K
  class space    used 4453K, capacity 4812K, committed 4864K, reserved 1048576K
}

